TN:
SF:D:\Git\FseProjectManager\ProjectManager\client\src\polyfills.ts
FNF:0
FNH:0
LF:0
LH:0
BRF:0
BRH:0
end_of_record
TN:
SF:D:\Git\FseProjectManager\ProjectManager\client\src\test.ts
FNF:0
FNH:0
DA:13,1
DA:18,1
DA:20,1
LF:3
LH:3
BRF:0
BRH:0
end_of_record
TN:
SF:D:\Git\FseProjectManager\ProjectManager\client\src\app\app.component.ts
FN:15,(anonymous_0)
FN:18,(anonymous_1)
FN:19,(anonymous_2)
FNF:3
FNH:1
FNDA:3,(anonymous_0)
FNDA:0,(anonymous_1)
FNDA:0,(anonymous_2)
DA:11,1
DA:12,3
DA:13,3
DA:15,3
DA:16,3
DA:17,3
DA:18,0
DA:20,0
LF:8
LH:6
BRDA:20,0,0,0
BRDA:20,0,1,0
BRF:2
BRH:0
end_of_record
TN:
SF:D:\Git\FseProjectManager\ProjectManager\client\src\app\web-api-constants.ts
FN:2,(anonymous_0)
FNF:1
FNH:1
FNDA:14,(anonymous_0)
DA:2,14
DA:6,1
LF:2
LH:2
BRF:0
BRH:0
end_of_record
TN:
SF:D:\Git\FseProjectManager\ProjectManager\client\src\app\add-project\add-project.component.ts
FN:27,(anonymous_0)
FN:29,(anonymous_1)
FN:34,(anonymous_2)
FN:41,(anonymous_3)
FN:43,(anonymous_4)
FN:58,(anonymous_5)
FN:60,(anonymous_6)
FN:73,(anonymous_7)
FN:75,(anonymous_8)
FN:79,(anonymous_9)
FN:81,(anonymous_10)
FN:91,(anonymous_11)
FN:96,(anonymous_12)
FN:101,(anonymous_13)
FN:103,(anonymous_14)
FN:113,(anonymous_15)
FN:117,(anonymous_16)
FNF:17
FNH:11
FNDA:8,(anonymous_0)
FNDA:8,(anonymous_1)
FNDA:3,(anonymous_2)
FNDA:9,(anonymous_3)
FNDA:0,(anonymous_4)
FNDA:8,(anonymous_5)
FNDA:0,(anonymous_6)
FNDA:1,(anonymous_7)
FNDA:0,(anonymous_8)
FNDA:1,(anonymous_9)
FNDA:0,(anonymous_10)
FNDA:1,(anonymous_11)
FNDA:1,(anonymous_12)
FNDA:1,(anonymous_13)
FNDA:0,(anonymous_14)
FNDA:0,(anonymous_15)
FNDA:1,(anonymous_16)
DA:13,1
DA:15,8
DA:16,8
DA:17,8
DA:18,8
DA:19,8
DA:21,8
DA:22,8
DA:23,8
DA:25,1
DA:27,8
DA:30,8
DA:31,8
DA:35,3
DA:36,3
DA:37,3
DA:42,9
DA:43,9
DA:44,0
DA:45,0
DA:46,0
DA:47,0
DA:48,0
DA:49,0
DA:50,0
DA:51,0
DA:52,0
DA:53,0
DA:59,8
DA:60,8
DA:61,0
DA:62,0
DA:63,0
DA:64,0
DA:65,0
DA:66,0
DA:67,0
DA:74,1
DA:75,1
DA:80,1
DA:81,1
DA:82,0
DA:84,0
DA:92,1
DA:93,1
DA:97,1
DA:98,1
DA:102,1
DA:103,1
DA:104,0
DA:106,0
DA:107,0
DA:114,0
DA:118,1
DA:119,1
DA:120,1
LF:56
LH:33
BRDA:36,0,0,3
BRDA:36,0,1,3
BRDA:36,0,2,3
BRDA:74,1,0,1
BRDA:74,1,1,0
BRDA:80,2,0,1
BRDA:80,2,1,0
BRDA:82,3,0,0
BRDA:82,3,1,0
BRDA:102,4,0,1
BRDA:102,4,1,0
BRDA:104,5,0,0
BRDA:104,5,1,0
BRF:13
BRH:6
end_of_record
TN:
SF:D:\Git\FseProjectManager\ProjectManager\client\src\app\add-task\add-task.component.ts
FN:28,(anonymous_0)
FN:30,(anonymous_1)
FN:36,(anonymous_2)
FN:43,(anonymous_3)
FN:45,(anonymous_4)
FN:61,(anonymous_5)
FN:63,(anonymous_6)
FN:75,(anonymous_7)
FN:77,(anonymous_8)
FN:90,(anonymous_9)
FN:92,(anonymous_10)
FN:96,(anonymous_11)
FN:98,(anonymous_12)
FN:103,(anonymous_13)
FN:108,(anonymous_14)
FN:112,(anonymous_15)
FN:117,(anonymous_16)
FN:121,(anonymous_17)
FN:126,(anonymous_18)
FN:130,(anonymous_19)
FNF:20
FNH:15
FNDA:13,(anonymous_0)
FNDA:13,(anonymous_1)
FNDA:2,(anonymous_2)
FNDA:14,(anonymous_3)
FNDA:0,(anonymous_4)
FNDA:14,(anonymous_5)
FNDA:0,(anonymous_6)
FNDA:14,(anonymous_7)
FNDA:0,(anonymous_8)
FNDA:1,(anonymous_9)
FNDA:0,(anonymous_10)
FNDA:1,(anonymous_11)
FNDA:0,(anonymous_12)
FNDA:1,(anonymous_13)
FNDA:1,(anonymous_14)
FNDA:1,(anonymous_15)
FNDA:1,(anonymous_16)
FNDA:1,(anonymous_17)
FNDA:1,(anonymous_18)
FNDA:1,(anonymous_19)
DA:14,1
DA:16,13
DA:17,13
DA:18,13
DA:19,13
DA:20,13
DA:21,13
DA:22,13
DA:23,13
DA:24,1
DA:25,1
DA:26,1
DA:28,13
DA:31,13
DA:32,13
DA:33,13
DA:37,2
DA:38,2
DA:39,2
DA:44,14
DA:45,14
DA:46,0
DA:47,0
DA:48,0
DA:49,0
DA:50,0
DA:51,0
DA:52,0
DA:53,0
DA:54,0
DA:55,0
DA:56,0
DA:62,14
DA:63,14
DA:64,0
DA:65,0
DA:66,0
DA:67,0
DA:68,0
DA:69,0
DA:70,0
DA:76,14
DA:77,14
DA:78,0
DA:79,0
DA:80,0
DA:81,0
DA:82,0
DA:83,0
DA:84,0
DA:91,1
DA:92,1
DA:97,1
DA:98,1
DA:100,1
DA:104,1
DA:105,1
DA:109,1
DA:113,1
DA:114,1
DA:118,1
DA:122,1
DA:123,1
DA:127,1
DA:131,1
DA:132,1
LF:66
LH:41
BRDA:38,0,0,2
BRDA:38,0,1,2
BRDA:38,0,2,2
BRDA:91,1,0,1
BRDA:91,1,1,0
BRDA:92,2,0,0
BRDA:92,2,1,0
BRDA:97,3,0,1
BRDA:97,3,1,0
BRDA:98,4,0,0
BRDA:98,4,1,0
BRF:11
BRH:5
end_of_record
TN:
SF:D:\Git\FseProjectManager\ProjectManager\client\src\app\add-user\add-user.component.ts
FN:18,(anonymous_0)
FN:20,(anonymous_1)
FN:24,(anonymous_2)
FN:26,(anonymous_3)
FN:38,(anonymous_4)
FN:40,(anonymous_5)
FN:45,(anonymous_6)
FN:47,(anonymous_7)
FN:58,(anonymous_8)
FN:65,(anonymous_9)
FN:66,(anonymous_10)
FN:72,(anonymous_11)
FN:77,(anonymous_12)
FNF:13
FNH:9
FNDA:7,(anonymous_0)
FNDA:7,(anonymous_1)
FNDA:8,(anonymous_2)
FNDA:0,(anonymous_3)
FNDA:1,(anonymous_4)
FNDA:0,(anonymous_5)
FNDA:1,(anonymous_6)
FNDA:0,(anonymous_7)
FNDA:2,(anonymous_8)
FNDA:1,(anonymous_9)
FNDA:0,(anonymous_10)
FNDA:1,(anonymous_11)
FNDA:1,(anonymous_12)
DA:10,1
DA:14,7
DA:15,7
DA:16,7
DA:18,7
DA:21,7
DA:25,8
DA:26,8
DA:27,0
DA:28,0
DA:29,0
DA:30,0
DA:31,0
DA:32,0
DA:33,0
DA:39,1
DA:40,1
DA:46,1
DA:47,1
DA:48,0
DA:49,0
DA:50,0
DA:51,0
DA:59,2
DA:60,2
DA:61,2
DA:66,1
DA:67,0
DA:68,0
DA:73,1
DA:74,1
DA:78,1
DA:79,1
DA:80,1
DA:81,1
DA:82,1
DA:83,1
LF:37
LH:24
BRDA:39,0,0,1
BRDA:39,0,1,0
BRDA:46,1,0,1
BRDA:46,1,1,0
BRDA:48,2,0,0
BRDA:48,2,1,0
BRDA:60,3,0,2
BRDA:60,3,1,2
BRDA:60,3,2,2
BRF:9
BRH:5
end_of_record
TN:
SF:D:\Git\FseProjectManager\ProjectManager\client\src\app\modal\modal.component.ts
FN:17,(anonymous_0)
FN:19,(anonymous_1)
FNF:2
FNH:2
FNDA:5,(anonymous_0)
FNDA:5,(anonymous_1)
DA:10,1
DA:13,5
DA:14,1
DA:15,1
DA:17,5
LF:5
LH:5
BRF:0
BRH:0
end_of_record
TN:
SF:D:\Git\FseProjectManager\ProjectManager\client\src\app\models\project.model.ts
FNF:0
FNH:0
LF:0
LH:0
BRF:0
BRH:0
end_of_record
TN:
SF:D:\Git\FseProjectManager\ProjectManager\client\src\app\models\task.model.ts
FNF:0
FNH:0
LF:0
LH:0
BRF:0
BRH:0
end_of_record
TN:
SF:D:\Git\FseProjectManager\ProjectManager\client\src\app\models\user.model.ts
FNF:0
FNH:0
LF:0
LH:0
BRF:0
BRH:0
end_of_record
TN:
SF:D:\Git\FseProjectManager\ProjectManager\client\src\app\pipes\search.pipe.ts
FN:9,(anonymous_0)
FN:12,(anonymous_1)
FN:13,(anonymous_2)
FNF:3
FNH:1
FNDA:60,(anonymous_0)
FNDA:0,(anonymous_1)
FNDA:0,(anonymous_2)
DA:7,1
DA:10,60
DA:11,60
DA:12,60
DA:13,0
DA:14,0
DA:16,0
LF:7
LH:4
BRDA:10,0,0,60
BRDA:10,0,1,0
BRDA:10,1,0,60
BRDA:10,1,1,60
BRDA:14,2,0,0
BRDA:14,2,1,0
BRDA:14,2,2,0
BRF:7
BRH:3
end_of_record
TN:
SF:D:\Git\FseProjectManager\ProjectManager\client\src\app\pipes\sort-by.pipe.ts
FN:8,(anonymous_0)
FN:9,(anonymous_1)
FNF:2
FNH:1
FNDA:22,(anonymous_0)
FNDA:0,(anonymous_1)
DA:6,1
DA:9,22
DA:10,0
DA:11,0
DA:12,0
DA:13,0
DA:15,0
DA:18,22
LF:8
LH:3
BRDA:10,0,0,0
BRDA:10,0,1,0
BRDA:12,1,0,0
BRDA:12,1,1,0
BRF:4
BRH:0
end_of_record
TN:
SF:D:\Git\FseProjectManager\ProjectManager\client\src\app\services\api.service.ts
FN:24,(anonymous_0)
FN:27,(anonymous_1)
FN:33,(anonymous_2)
FN:37,(anonymous_3)
FN:43,(anonymous_4)
FN:47,(anonymous_5)
FN:51,(anonymous_6)
FN:55,(anonymous_7)
FN:59,(anonymous_8)
FN:63,(anonymous_9)
FN:67,(anonymous_10)
FN:71,(anonymous_11)
FN:75,(anonymous_12)
FN:79,(anonymous_13)
FN:83,(anonymous_14)
FN:87,(anonymous_15)
FN:91,(anonymous_16)
FN:95,(anonymous_17)
FN:103,(anonymous_18)
FN:108,(anonymous_19)
FN:109,(anonymous_20)
FNF:21
FNH:13
FNDA:38,(anonymous_0)
FNDA:0,(anonymous_1)
FNDA:0,(anonymous_2)
FNDA:86,(anonymous_3)
FNDA:44,(anonymous_4)
FNDA:1,(anonymous_5)
FNDA:1,(anonymous_6)
FNDA:1,(anonymous_7)
FNDA:31,(anonymous_8)
FNDA:1,(anonymous_9)
FNDA:1,(anonymous_10)
FNDA:1,(anonymous_11)
FNDA:0,(anonymous_12)
FNDA:0,(anonymous_13)
FNDA:1,(anonymous_14)
FNDA:2,(anonymous_15)
FNDA:0,(anonymous_16)
FNDA:2,(anonymous_17)
FNDA:0,(anonymous_18)
FNDA:0,(anonymous_19)
FNDA:0,(anonymous_20)
DA:14,1
DA:16,38
DA:17,38
DA:18,38
DA:24,38
DA:30,0
DA:34,0
DA:38,86
DA:44,44
DA:48,1
DA:52,1
DA:56,1
DA:60,31
DA:64,1
DA:68,1
DA:72,1
DA:76,0
DA:80,0
DA:84,1
DA:88,2
DA:92,0
DA:96,2
DA:97,2
DA:98,2
DA:99,2
DA:100,2
DA:104,0
DA:105,0
DA:109,0
DA:112,0
DA:115,0
DA:118,0
LF:32
LH:21
BRDA:38,0,0,86
BRDA:38,0,1,0
BRDA:105,1,0,0
BRDA:105,1,1,0
BRDA:108,2,0,0
BRF:5
BRH:1
end_of_record
TN:
SF:D:\Git\FseProjectManager\ProjectManager\client\src\app\view-task\view-task.component.ts
FN:24,(anonymous_0)
FN:26,(anonymous_1)
FN:30,(anonymous_2)
FN:32,(anonymous_3)
FN:48,(anonymous_4)
FN:51,(anonymous_5)
FN:70,(anonymous_6)
FN:74,(anonymous_7)
FN:75,(anonymous_8)
FN:83,(anonymous_9)
FN:87,(anonymous_10)
FNF:11
FNH:8
FNDA:7,(anonymous_0)
FNDA:7,(anonymous_1)
FNDA:8,(anonymous_2)
FNDA:0,(anonymous_3)
FNDA:2,(anonymous_4)
FNDA:0,(anonymous_5)
FNDA:1,(anonymous_6)
FNDA:1,(anonymous_7)
FNDA:0,(anonymous_8)
FNDA:1,(anonymous_9)
FNDA:1,(anonymous_10)
DA:13,1
DA:15,7
DA:16,7
DA:17,7
DA:18,7
DA:20,7
DA:21,7
DA:22,1
DA:24,7
DA:27,7
DA:31,8
DA:32,8
DA:33,0
DA:34,0
DA:35,0
DA:36,0
DA:37,0
DA:38,0
DA:39,0
DA:40,0
DA:41,0
DA:42,0
DA:43,0
DA:49,2
DA:50,2
DA:51,2
DA:52,0
DA:53,0
DA:54,0
DA:55,0
DA:56,0
DA:57,0
DA:58,0
DA:59,0
DA:60,0
DA:61,0
DA:62,0
DA:63,0
DA:64,0
DA:71,1
DA:75,1
DA:77,0
DA:78,0
DA:84,1
DA:88,1
DA:89,1
DA:90,1
LF:47
LH:21
BRDA:77,0,0,0
BRDA:77,0,1,0
BRF:2
BRH:0
end_of_record
TN:
SF:D:\Git\FseProjectManager\ProjectManager\client\src\environments\environment.ts
FNF:0
FNH:0
DA:5,1
LF:1
LH:1
BRF:0
BRH:0
end_of_record
